CRITICAL - 2022-12-22 16:16:17 --> Invalid file: formex/formex1.php
in SYSTEMPATH\Exceptions\FrameworkException.php on line 33.
 1 SYSTEMPATH\View\View.php(201): CodeIgniter\Exceptions\FrameworkException::forInvalidFile()
 2 SYSTEMPATH\Common.php(1135): CodeIgniter\View\View->render()
 3 APPPATH\Controllers\Formex.php(9): view()
 4 SYSTEMPATH\CodeIgniter.php(925): App\Controllers\Formex->formex1()
 5 SYSTEMPATH\CodeIgniter.php(480): CodeIgniter\CodeIgniter->runController()
 6 SYSTEMPATH\CodeIgniter.php(349): CodeIgniter\CodeIgniter->handleRequest()
 7 FCPATH\index.php(67): CodeIgniter\CodeIgniter->run()
CRITICAL - 2022-12-22 16:17:46 --> Invalid file: formex/formex1.php
in SYSTEMPATH\Exceptions\FrameworkException.php on line 33.
 1 SYSTEMPATH\View\View.php(201): CodeIgniter\Exceptions\FrameworkException::forInvalidFile()
 2 SYSTEMPATH\Common.php(1135): CodeIgniter\View\View->render()
 3 APPPATH\Controllers\Formex.php(9): view()
 4 SYSTEMPATH\CodeIgniter.php(925): App\Controllers\Formex->formex1()
 5 SYSTEMPATH\CodeIgniter.php(480): CodeIgniter\CodeIgniter->runController()
 6 SYSTEMPATH\CodeIgniter.php(349): CodeIgniter\CodeIgniter->handleRequest()
 7 FCPATH\index.php(67): CodeIgniter\CodeIgniter->run()
CRITICAL - 2022-12-22 16:18:16 --> Invalid file: formex/formex1.php
in SYSTEMPATH\Exceptions\FrameworkException.php on line 33.
 1 SYSTEMPATH\View\View.php(201): CodeIgniter\Exceptions\FrameworkException::forInvalidFile()
 2 SYSTEMPATH\Common.php(1135): CodeIgniter\View\View->render()
 3 APPPATH\Controllers\Formex.php(9): view()
 4 SYSTEMPATH\CodeIgniter.php(925): App\Controllers\Formex->formex1()
 5 SYSTEMPATH\CodeIgniter.php(480): CodeIgniter\CodeIgniter->runController()
 6 SYSTEMPATH\CodeIgniter.php(349): CodeIgniter\CodeIgniter->handleRequest()
 7 FCPATH\index.php(67): CodeIgniter\CodeIgniter->run()
CRITICAL - 2022-12-22 16:18:17 --> Invalid file: formex/formex1.php
in SYSTEMPATH\Exceptions\FrameworkException.php on line 33.
 1 SYSTEMPATH\View\View.php(201): CodeIgniter\Exceptions\FrameworkException::forInvalidFile()
 2 SYSTEMPATH\Common.php(1135): CodeIgniter\View\View->render()
 3 APPPATH\Controllers\Formex.php(9): view()
 4 SYSTEMPATH\CodeIgniter.php(925): App\Controllers\Formex->formex1()
 5 SYSTEMPATH\CodeIgniter.php(480): CodeIgniter\CodeIgniter->runController()
 6 SYSTEMPATH\CodeIgniter.php(349): CodeIgniter\CodeIgniter->handleRequest()
 7 FCPATH\index.php(67): CodeIgniter\CodeIgniter->run()
CRITICAL - 2022-12-22 16:24:20 --> Array to string conversion
in SYSTEMPATH\Common.php on line 1067.
 1 SYSTEMPATH\Common.php(1067): CodeIgniter\Debug\Exceptions->errorHandler()
 2 SYSTEMPATH\Helpers\form_helper.php(47): stringify_attributes()
 3 APPPATH\Views\formex\formex_1.php(12): form_open()
 4 SYSTEMPATH\View\View.php(213): include('APPPATH\\Views\\formex\\formex_1.php')
 5 SYSTEMPATH\View\View.php(216): CodeIgniter\View\View->CodeIgniter\View\{closure}()
 6 SYSTEMPATH\Common.php(1135): CodeIgniter\View\View->render()
 7 APPPATH\Controllers\Formex.php(14): view()
 8 SYSTEMPATH\CodeIgniter.php(925): App\Controllers\Formex->formex_1()
 9 SYSTEMPATH\CodeIgniter.php(480): CodeIgniter\CodeIgniter->runController()
10 SYSTEMPATH\CodeIgniter.php(349): CodeIgniter\CodeIgniter->handleRequest()
11 FCPATH\index.php(67): CodeIgniter\CodeIgniter->run()
CRITICAL - 2022-12-22 16:24:26 --> Array to string conversion
in SYSTEMPATH\Common.php on line 1067.
 1 SYSTEMPATH\Common.php(1067): CodeIgniter\Debug\Exceptions->errorHandler()
 2 SYSTEMPATH\Helpers\form_helper.php(47): stringify_attributes()
 3 APPPATH\Views\formex\formex_1.php(12): form_open()
 4 SYSTEMPATH\View\View.php(213): include('APPPATH\\Views\\formex\\formex_1.php')
 5 SYSTEMPATH\View\View.php(216): CodeIgniter\View\View->CodeIgniter\View\{closure}()
 6 SYSTEMPATH\Common.php(1135): CodeIgniter\View\View->render()
 7 APPPATH\Controllers\Formex.php(14): view()
 8 SYSTEMPATH\CodeIgniter.php(925): App\Controllers\Formex->formex_1()
 9 SYSTEMPATH\CodeIgniter.php(480): CodeIgniter\CodeIgniter->runController()
10 SYSTEMPATH\CodeIgniter.php(349): CodeIgniter\CodeIgniter->handleRequest()
11 FCPATH\index.php(67): CodeIgniter\CodeIgniter->run()
CRITICAL - 2022-12-22 16:24:35 --> Array to string conversion
in SYSTEMPATH\Common.php on line 1067.
 1 SYSTEMPATH\Common.php(1067): CodeIgniter\Debug\Exceptions->errorHandler()
 2 SYSTEMPATH\Helpers\form_helper.php(47): stringify_attributes()
 3 APPPATH\Views\formex\formex_1.php(12): form_open()
 4 SYSTEMPATH\View\View.php(213): include('APPPATH\\Views\\formex\\formex_1.php')
 5 SYSTEMPATH\View\View.php(216): CodeIgniter\View\View->CodeIgniter\View\{closure}()
 6 SYSTEMPATH\Common.php(1135): CodeIgniter\View\View->render()
 7 APPPATH\Controllers\Formex.php(14): view()
 8 SYSTEMPATH\CodeIgniter.php(925): App\Controllers\Formex->formex_1()
 9 SYSTEMPATH\CodeIgniter.php(480): CodeIgniter\CodeIgniter->runController()
10 SYSTEMPATH\CodeIgniter.php(349): CodeIgniter\CodeIgniter->handleRequest()
11 FCPATH\index.php(67): CodeIgniter\CodeIgniter->run()
CRITICAL - 2022-12-22 16:24:36 --> Array to string conversion
in SYSTEMPATH\Common.php on line 1067.
 1 SYSTEMPATH\Common.php(1067): CodeIgniter\Debug\Exceptions->errorHandler()
 2 SYSTEMPATH\Helpers\form_helper.php(47): stringify_attributes()
 3 APPPATH\Views\formex\formex_1.php(12): form_open()
 4 SYSTEMPATH\View\View.php(213): include('APPPATH\\Views\\formex\\formex_1.php')
 5 SYSTEMPATH\View\View.php(216): CodeIgniter\View\View->CodeIgniter\View\{closure}()
 6 SYSTEMPATH\Common.php(1135): CodeIgniter\View\View->render()
 7 APPPATH\Controllers\Formex.php(14): view()
 8 SYSTEMPATH\CodeIgniter.php(925): App\Controllers\Formex->formex_1()
 9 SYSTEMPATH\CodeIgniter.php(480): CodeIgniter\CodeIgniter->runController()
10 SYSTEMPATH\CodeIgniter.php(349): CodeIgniter\CodeIgniter->handleRequest()
11 FCPATH\index.php(67): CodeIgniter\CodeIgniter->run()
CRITICAL - 2022-12-22 16:24:48 --> Array to string conversion
in SYSTEMPATH\Common.php on line 1067.
 1 SYSTEMPATH\Common.php(1067): CodeIgniter\Debug\Exceptions->errorHandler()
 2 SYSTEMPATH\Helpers\form_helper.php(47): stringify_attributes()
 3 APPPATH\Views\formex\formex_1.php(12): form_open()
 4 SYSTEMPATH\View\View.php(213): include('APPPATH\\Views\\formex\\formex_1.php')
 5 SYSTEMPATH\View\View.php(216): CodeIgniter\View\View->CodeIgniter\View\{closure}()
 6 SYSTEMPATH\Common.php(1135): CodeIgniter\View\View->render()
 7 APPPATH\Controllers\Formex.php(14): view()
 8 SYSTEMPATH\CodeIgniter.php(925): App\Controllers\Formex->formex_1()
 9 SYSTEMPATH\CodeIgniter.php(480): CodeIgniter\CodeIgniter->runController()
10 SYSTEMPATH\CodeIgniter.php(349): CodeIgniter\CodeIgniter->handleRequest()
11 FCPATH\index.php(67): CodeIgniter\CodeIgniter->run()
CRITICAL - 2022-12-22 16:24:49 --> Array to string conversion
in SYSTEMPATH\Common.php on line 1067.
 1 SYSTEMPATH\Common.php(1067): CodeIgniter\Debug\Exceptions->errorHandler()
 2 SYSTEMPATH\Helpers\form_helper.php(47): stringify_attributes()
 3 APPPATH\Views\formex\formex_1.php(12): form_open()
 4 SYSTEMPATH\View\View.php(213): include('APPPATH\\Views\\formex\\formex_1.php')
 5 SYSTEMPATH\View\View.php(216): CodeIgniter\View\View->CodeIgniter\View\{closure}()
 6 SYSTEMPATH\Common.php(1135): CodeIgniter\View\View->render()
 7 APPPATH\Controllers\Formex.php(14): view()
 8 SYSTEMPATH\CodeIgniter.php(925): App\Controllers\Formex->formex_1()
 9 SYSTEMPATH\CodeIgniter.php(480): CodeIgniter\CodeIgniter->runController()
10 SYSTEMPATH\CodeIgniter.php(349): CodeIgniter\CodeIgniter->handleRequest()
11 FCPATH\index.php(67): CodeIgniter\CodeIgniter->run()
CRITICAL - 2022-12-22 16:24:54 --> Array to string conversion
in SYSTEMPATH\Common.php on line 1067.
 1 SYSTEMPATH\Common.php(1067): CodeIgniter\Debug\Exceptions->errorHandler()
 2 SYSTEMPATH\Helpers\form_helper.php(47): stringify_attributes()
 3 APPPATH\Views\formex\formex_1.php(12): form_open()
 4 SYSTEMPATH\View\View.php(213): include('APPPATH\\Views\\formex\\formex_1.php')
 5 SYSTEMPATH\View\View.php(216): CodeIgniter\View\View->CodeIgniter\View\{closure}()
 6 SYSTEMPATH\Common.php(1135): CodeIgniter\View\View->render()
 7 APPPATH\Controllers\Formex.php(14): view()
 8 SYSTEMPATH\CodeIgniter.php(925): App\Controllers\Formex->formex_1()
 9 SYSTEMPATH\CodeIgniter.php(480): CodeIgniter\CodeIgniter->runController()
10 SYSTEMPATH\CodeIgniter.php(349): CodeIgniter\CodeIgniter->handleRequest()
11 FCPATH\index.php(67): CodeIgniter\CodeIgniter->run()
CRITICAL - 2022-12-22 16:26:12 --> Array to string conversion
in SYSTEMPATH\Common.php on line 1067.
 1 SYSTEMPATH\Common.php(1067): CodeIgniter\Debug\Exceptions->errorHandler()
 2 SYSTEMPATH\Helpers\form_helper.php(47): stringify_attributes()
 3 APPPATH\Views\formex\formex_1.php(12): form_open()
 4 SYSTEMPATH\View\View.php(213): include('APPPATH\\Views\\formex\\formex_1.php')
 5 SYSTEMPATH\View\View.php(216): CodeIgniter\View\View->CodeIgniter\View\{closure}()
 6 SYSTEMPATH\Common.php(1135): CodeIgniter\View\View->render()
 7 APPPATH\Controllers\Formex.php(14): view()
 8 SYSTEMPATH\CodeIgniter.php(925): App\Controllers\Formex->formex_1()
 9 SYSTEMPATH\CodeIgniter.php(480): CodeIgniter\CodeIgniter->runController()
10 SYSTEMPATH\CodeIgniter.php(349): CodeIgniter\CodeIgniter->handleRequest()
11 FCPATH\index.php(67): CodeIgniter\CodeIgniter->run()
CRITICAL - 2022-12-22 16:26:58 --> Array to string conversion
in SYSTEMPATH\Common.php on line 1067.
 1 SYSTEMPATH\Common.php(1067): CodeIgniter\Debug\Exceptions->errorHandler()
 2 SYSTEMPATH\Helpers\form_helper.php(47): stringify_attributes()
 3 APPPATH\Views\formex\formex_1.php(12): form_open()
 4 SYSTEMPATH\View\View.php(213): include('APPPATH\\Views\\formex\\formex_1.php')
 5 SYSTEMPATH\View\View.php(216): CodeIgniter\View\View->CodeIgniter\View\{closure}()
 6 SYSTEMPATH\Common.php(1135): CodeIgniter\View\View->render()
 7 APPPATH\Controllers\Formex.php(14): view()
 8 SYSTEMPATH\CodeIgniter.php(925): App\Controllers\Formex->formex_1()
 9 SYSTEMPATH\CodeIgniter.php(480): CodeIgniter\CodeIgniter->runController()
10 SYSTEMPATH\CodeIgniter.php(349): CodeIgniter\CodeIgniter->handleRequest()
11 FCPATH\index.php(67): CodeIgniter\CodeIgniter->run()
CRITICAL - 2022-12-22 16:26:58 --> Array to string conversion
in SYSTEMPATH\Common.php on line 1067.
 1 SYSTEMPATH\Common.php(1067): CodeIgniter\Debug\Exceptions->errorHandler()
 2 SYSTEMPATH\Helpers\form_helper.php(47): stringify_attributes()
 3 APPPATH\Views\formex\formex_1.php(12): form_open()
 4 SYSTEMPATH\View\View.php(213): include('APPPATH\\Views\\formex\\formex_1.php')
 5 SYSTEMPATH\View\View.php(216): CodeIgniter\View\View->CodeIgniter\View\{closure}()
 6 SYSTEMPATH\Common.php(1135): CodeIgniter\View\View->render()
 7 APPPATH\Controllers\Formex.php(14): view()
 8 SYSTEMPATH\CodeIgniter.php(925): App\Controllers\Formex->formex_1()
 9 SYSTEMPATH\CodeIgniter.php(480): CodeIgniter\CodeIgniter->runController()
10 SYSTEMPATH\CodeIgniter.php(349): CodeIgniter\CodeIgniter->handleRequest()
11 FCPATH\index.php(67): CodeIgniter\CodeIgniter->run()
CRITICAL - 2022-12-22 16:26:59 --> Array to string conversion
in SYSTEMPATH\Common.php on line 1067.
 1 SYSTEMPATH\Common.php(1067): CodeIgniter\Debug\Exceptions->errorHandler()
 2 SYSTEMPATH\Helpers\form_helper.php(47): stringify_attributes()
 3 APPPATH\Views\formex\formex_1.php(12): form_open()
 4 SYSTEMPATH\View\View.php(213): include('APPPATH\\Views\\formex\\formex_1.php')
 5 SYSTEMPATH\View\View.php(216): CodeIgniter\View\View->CodeIgniter\View\{closure}()
 6 SYSTEMPATH\Common.php(1135): CodeIgniter\View\View->render()
 7 APPPATH\Controllers\Formex.php(14): view()
 8 SYSTEMPATH\CodeIgniter.php(925): App\Controllers\Formex->formex_1()
 9 SYSTEMPATH\CodeIgniter.php(480): CodeIgniter\CodeIgniter->runController()
10 SYSTEMPATH\CodeIgniter.php(349): CodeIgniter\CodeIgniter->handleRequest()
11 FCPATH\index.php(67): CodeIgniter\CodeIgniter->run()
CRITICAL - 2022-12-22 16:26:59 --> Array to string conversion
in SYSTEMPATH\Common.php on line 1067.
 1 SYSTEMPATH\Common.php(1067): CodeIgniter\Debug\Exceptions->errorHandler()
 2 SYSTEMPATH\Helpers\form_helper.php(47): stringify_attributes()
 3 APPPATH\Views\formex\formex_1.php(12): form_open()
 4 SYSTEMPATH\View\View.php(213): include('APPPATH\\Views\\formex\\formex_1.php')
 5 SYSTEMPATH\View\View.php(216): CodeIgniter\View\View->CodeIgniter\View\{closure}()
 6 SYSTEMPATH\Common.php(1135): CodeIgniter\View\View->render()
 7 APPPATH\Controllers\Formex.php(14): view()
 8 SYSTEMPATH\CodeIgniter.php(925): App\Controllers\Formex->formex_1()
 9 SYSTEMPATH\CodeIgniter.php(480): CodeIgniter\CodeIgniter->runController()
10 SYSTEMPATH\CodeIgniter.php(349): CodeIgniter\CodeIgniter->handleRequest()
11 FCPATH\index.php(67): CodeIgniter\CodeIgniter->run()
CRITICAL - 2022-12-22 16:27:00 --> Array to string conversion
in SYSTEMPATH\Common.php on line 1067.
 1 SYSTEMPATH\Common.php(1067): CodeIgniter\Debug\Exceptions->errorHandler()
 2 SYSTEMPATH\Helpers\form_helper.php(47): stringify_attributes()
 3 APPPATH\Views\formex\formex_1.php(12): form_open()
 4 SYSTEMPATH\View\View.php(213): include('APPPATH\\Views\\formex\\formex_1.php')
 5 SYSTEMPATH\View\View.php(216): CodeIgniter\View\View->CodeIgniter\View\{closure}()
 6 SYSTEMPATH\Common.php(1135): CodeIgniter\View\View->render()
 7 APPPATH\Controllers\Formex.php(14): view()
 8 SYSTEMPATH\CodeIgniter.php(925): App\Controllers\Formex->formex_1()
 9 SYSTEMPATH\CodeIgniter.php(480): CodeIgniter\CodeIgniter->runController()
10 SYSTEMPATH\CodeIgniter.php(349): CodeIgniter\CodeIgniter->handleRequest()
11 FCPATH\index.php(67): CodeIgniter\CodeIgniter->run()
CRITICAL - 2022-12-22 16:27:00 --> Array to string conversion
in SYSTEMPATH\Common.php on line 1067.
 1 SYSTEMPATH\Common.php(1067): CodeIgniter\Debug\Exceptions->errorHandler()
 2 SYSTEMPATH\Helpers\form_helper.php(47): stringify_attributes()
 3 APPPATH\Views\formex\formex_1.php(12): form_open()
 4 SYSTEMPATH\View\View.php(213): include('APPPATH\\Views\\formex\\formex_1.php')
 5 SYSTEMPATH\View\View.php(216): CodeIgniter\View\View->CodeIgniter\View\{closure}()
 6 SYSTEMPATH\Common.php(1135): CodeIgniter\View\View->render()
 7 APPPATH\Controllers\Formex.php(14): view()
 8 SYSTEMPATH\CodeIgniter.php(925): App\Controllers\Formex->formex_1()
 9 SYSTEMPATH\CodeIgniter.php(480): CodeIgniter\CodeIgniter->runController()
10 SYSTEMPATH\CodeIgniter.php(349): CodeIgniter\CodeIgniter->handleRequest()
11 FCPATH\index.php(67): CodeIgniter\CodeIgniter->run()
CRITICAL - 2022-12-22 16:27:01 --> Array to string conversion
in SYSTEMPATH\Common.php on line 1067.
 1 SYSTEMPATH\Common.php(1067): CodeIgniter\Debug\Exceptions->errorHandler()
 2 SYSTEMPATH\Helpers\form_helper.php(47): stringify_attributes()
 3 APPPATH\Views\formex\formex_1.php(12): form_open()
 4 SYSTEMPATH\View\View.php(213): include('APPPATH\\Views\\formex\\formex_1.php')
 5 SYSTEMPATH\View\View.php(216): CodeIgniter\View\View->CodeIgniter\View\{closure}()
 6 SYSTEMPATH\Common.php(1135): CodeIgniter\View\View->render()
 7 APPPATH\Controllers\Formex.php(14): view()
 8 SYSTEMPATH\CodeIgniter.php(925): App\Controllers\Formex->formex_1()
 9 SYSTEMPATH\CodeIgniter.php(480): CodeIgniter\CodeIgniter->runController()
10 SYSTEMPATH\CodeIgniter.php(349): CodeIgniter\CodeIgniter->handleRequest()
11 FCPATH\index.php(67): CodeIgniter\CodeIgniter->run()
